2025-05-28T11:42:18.054Z [SUCCESS] :white_check_mark: Deployment *b23c47e8-1a0b-41d4-9443-0325a4031710* of `N/A` (branch `N/A`) *succeeded!* 
Deployed at: <http://b23c47e8-1a0b-41d4-9443-0325a4031710.18.212.196.121.nip.io|http://b23c47e8-1a0b-41d4-9443-0325a4031710.18.212.196.121.nip.io>
2025-05-28T11:42:18.706Z [INFO] Slack notification sent successfully: :white_check_mark: Deployment *b23c47e8-1a0b-41d4-9443-0325a4031710* of `N/A` (branch `N/A`) *succeeded!* 
Deployed at: <http://b23c47e8-1a0b-41d4-9443-0325a4031710.18.212.196.121.nip.io|http://b23c47e8-1a0b-41d4-9443-0325a4031710.18.212.196.121.nip.io>
2025-05-28T15:20:34.341Z [FAILURE] :x: Deployment *e0a470a1-f783-42cc-8565-5cc897a8875a* of `N/A` (branch `N/A`) *failed.* Error: User: arn:aws:iam::509399597523:user/zeroops-uploader is not authorized to perform: s3:ListBucket on resource: "arn:aws:s3:::zeroops-deployments-1" with an explicit deny in an identity-based policy
2025-05-28T15:20:34.759Z [ERROR] Error sending Slack notification: :x: Deployment *e0a470a1-f783-42cc-8565-5cc897a8875a* of `N/A` (branch `N/A`) *failed.* - Details: An HTTP protocol error occurred: statusCode = 404
2025-05-28T15:20:35.292Z [FAILURE] :x: Deployment *f7ec04d7-3ab5-4748-8024-3efd93c20cef* of `N/A` (branch `N/A`) *failed.* Error: User: arn:aws:iam::509399597523:user/zeroops-uploader is not authorized to perform: s3:ListBucket on resource: "arn:aws:s3:::zeroops-deployments-1" with an explicit deny in an identity-based policy
2025-05-28T15:20:35.463Z [ERROR] Error sending Slack notification: :x: Deployment *f7ec04d7-3ab5-4748-8024-3efd93c20cef* of `N/A` (branch `N/A`) *failed.* - Details: An HTTP protocol error occurred: statusCode = 404
2025-05-28T15:20:36.201Z [FAILURE] :x: Deployment *6c4dfd21-a7ab-4a9f-ac08-42f8b1e47979* of `N/A` (branch `N/A`) *failed.* Error: User: arn:aws:iam::509399597523:user/zeroops-uploader is not authorized to perform: s3:ListBucket on resource: "arn:aws:s3:::zeroops-deployments-1" with an explicit deny in an identity-based policy
2025-05-28T15:20:36.364Z [ERROR] Error sending Slack notification: :x: Deployment *6c4dfd21-a7ab-4a9f-ac08-42f8b1e47979* of `N/A` (branch `N/A`) *failed.* - Details: An HTTP protocol error occurred: statusCode = 404
2025-05-28T15:20:36.855Z [FAILURE] :x: Deployment *a325bb14-8f24-4382-96b2-481d6a4baac2* of `N/A` (branch `N/A`) *failed.* Error: User: arn:aws:iam::509399597523:user/zeroops-uploader is not authorized to perform: s3:ListBucket on resource: "arn:aws:s3:::zeroops-deployments-1" with an explicit deny in an identity-based policy
2025-05-28T15:20:37.049Z [ERROR] Error sending Slack notification: :x: Deployment *a325bb14-8f24-4382-96b2-481d6a4baac2* of `N/A` (branch `N/A`) *failed.* - Details: An HTTP protocol error occurred: statusCode = 404
2025-05-28T15:20:37.843Z [FAILURE] :x: Deployment *7a234db2-6ce3-4c51-8ff6-aec7a526e68a* of `N/A` (branch `N/A`) *failed.* Error: User: arn:aws:iam::509399597523:user/zeroops-uploader is not authorized to perform: s3:ListBucket on resource: "arn:aws:s3:::zeroops-deployments-1" with an explicit deny in an identity-based policy
2025-05-28T15:20:38.011Z [ERROR] Error sending Slack notification: :x: Deployment *7a234db2-6ce3-4c51-8ff6-aec7a526e68a* of `N/A` (branch `N/A`) *failed.* - Details: An HTTP protocol error occurred: statusCode = 404
2025-05-28T15:22:26.334Z [FAILURE] :x: Deployment *23f7d0e3-4ed7-4d4d-8686-c10770cc6833* of `N/A` (branch `N/A`) *failed.* Error: User: arn:aws:iam::509399597523:user/zeroops-uploader is not authorized to perform: s3:ListBucket on resource: "arn:aws:s3:::zeroops-deployments-1" with an explicit deny in an identity-based policy
2025-05-28T15:22:26.726Z [ERROR] Error sending Slack notification: :x: Deployment *23f7d0e3-4ed7-4d4d-8686-c10770cc6833* of `N/A` (branch `N/A`) *failed.* - Details: An HTTP protocol error occurred: statusCode = 404
2025-05-28T15:33:36.933Z [FAILURE] :x: Deployment *6d90f3c1-ef39-4ee7-a392-b6f2832a0f6b* of `N/A` (branch `N/A`) *failed.* Error: User: arn:aws:iam::509399597523:user/zeroops-uploader is not authorized to perform: s3:ListBucket on resource: "arn:aws:s3:::zeroops-deployments-1" with an explicit deny in an identity-based policy
2025-05-28T15:33:37.351Z [ERROR] Error sending Slack notification: :x: Deployment *6d90f3c1-ef39-4ee7-a392-b6f2832a0f6b* of `N/A` (branch `N/A`) *failed.* - Details: An HTTP protocol error occurred: statusCode = 404
2025-05-28T15:46:41.280Z [FAILURE] :x: Deployment *9713eb0c-d0b4-45c2-b1f6-be63279e30ea* of `N/A` (branch `N/A`) *failed.* Error: User: arn:aws:iam::509399597523:user/zeroops-uploader is not authorized to perform: s3:ListBucket on resource: "arn:aws:s3:::zeroops-deployments-1" with an explicit deny in an identity-based policy
2025-05-28T15:46:41.724Z [ERROR] Error sending Slack notification: :x: Deployment *9713eb0c-d0b4-45c2-b1f6-be63279e30ea* of `N/A` (branch `N/A`) *failed.* - Details: An HTTP protocol error occurred: statusCode = 404
2025-05-28T15:59:14.804Z [FAILURE] :x: Deployment *a58926ae-cf16-4a6c-a86b-39ba4e1c676c* of `N/A` (branch `N/A`) *failed.* Error: User: arn:aws:iam::509399597523:user/zeroops-uploader is not authorized to perform: s3:ListBucket on resource: "arn:aws:s3:::zeroops-deployments-1" with an explicit deny in an identity-based policy
2025-05-28T15:59:15.243Z [ERROR] Error sending Slack notification: :x: Deployment *a58926ae-cf16-4a6c-a86b-39ba4e1c676c* of `N/A` (branch `N/A`) *failed.* - Details: An HTTP protocol error occurred: statusCode = 404
2025-05-28T16:22:39.974Z [FAILURE] :x: Deployment *ad09a57e-6045-4b06-8b58-e42002233d29* of `N/A` (branch `N/A`) *failed.* Error: User: arn:aws:iam::509399597523:user/zeroops-uploader is not authorized to perform: s3:ListBucket on resource: "arn:aws:s3:::zeroops-deployments-1" with an explicit deny in an identity-based policy
2025-05-28T16:22:40.391Z [ERROR] Error sending Slack notification: :x: Deployment *ad09a57e-6045-4b06-8b58-e42002233d29* of `N/A` (branch `N/A`) *failed.* - Details: An HTTP protocol error occurred: statusCode = 404
2025-05-28T16:23:00.956Z [FAILURE] :x: Deployment *130a4a81-91a6-412a-9729-7e13a3da641b* of `N/A` (branch `N/A`) *failed.* Error: User: arn:aws:iam::509399597523:user/zeroops-uploader is not authorized to perform: s3:ListBucket on resource: "arn:aws:s3:::zeroops-deployments-1" with an explicit deny in an identity-based policy
2025-05-28T16:23:01.324Z [ERROR] Error sending Slack notification: :x: Deployment *130a4a81-91a6-412a-9729-7e13a3da641b* of `N/A` (branch `N/A`) *failed.* - Details: An HTTP protocol error occurred: statusCode = 404
2025-05-28T17:27:20.932Z [FAILURE] :x: Deployment *52e2750e-db26-439f-963e-98c3f2882f04* of `N/A` (branch `N/A`) *failed.* Error: User: arn:aws:iam::509399597523:user/zeroops-uploader is not authorized to perform: s3:ListBucket on resource: "arn:aws:s3:::zeroops-deployments-1" with an explicit deny in an identity-based policy
2025-05-28T17:27:21.339Z [ERROR] Error sending Slack notification: :x: Deployment *52e2750e-db26-439f-963e-98c3f2882f04* of `N/A` (branch `N/A`) *failed.* - Details: An HTTP protocol error occurred: statusCode = 404
